[2018-07-27 19:48:29] START
[2018-07-27 19:49:45] CREATE userdatabase.py: 0
[2018-07-27 19:50:24] EDIT PharmaEasy/models/userdatabase.py: 13
[2018-07-27 19:50:40] EDIT PharmaEasy/models/userdatabase.py: -7
[2018-07-27 19:50:40] EDIT PharmaEasy/models/userdatabase.py: 0
[2018-07-27 19:53:06] EDIT PharmaEasy/models/userdatabase.py: 6
[2018-07-27 19:53:25] EDIT PharmaEasy/models/userdatabase.py: 0
[2018-07-27 19:53:40] EDIT PharmaEasy/models/userdatabase.py: 0
[2018-07-27 19:53:46] EDIT PharmaEasy/models/userdatabase.py: 0
[2018-07-27 19:54:01] EDIT PharmaEasy/models/userdatabase.py: 0
[2018-07-27 19:55:40] EDIT PharmaEasy/models/userdatabase.py: 7
[2018-07-27 19:55:41] EDIT PharmaEasy/models/userdatabase.py: 0
[2018-07-27 19:55:51] EDIT PharmaEasy/models/userdatabase.py: 0
[2018-07-27 19:55:52] EDIT PharmaEasy/models/userdatabase.py: 0
[2018-07-27 19:56:24] EDIT PharmaEasy/models/userdatabase.py: -7
[2018-07-27 19:56:46] EDIT PharmaEasy/models/userdatabase.py: 7
[2018-07-27 19:56:47] EDIT PharmaEasy/models/userdatabase.py: 0
[2018-07-27 20:23:50] EDIT PharmaEasy/views/default/index.html: 0
[2018-07-27 20:24:28] EDIT PharmaEasy/views/default/index.html: 0
[2018-07-27 20:26:22] EDIT PharmaEasy/views/default/index.html: 0
[2018-07-27 20:27:20] EDIT PharmaEasy/views/default/index.html: 1
[2018-07-27 20:27:50] EDIT PharmaEasy/views/default/index.html: -1
[2018-07-27 20:28:22] EDIT PharmaEasy/views/default/index.html: 0
[2018-07-27 20:29:35] EDIT PharmaEasy/views/default/index.html: 0
[2018-07-27 20:33:53] EDIT PharmaEasy/views/default/index.html: 0
[2018-07-27 20:42:28] EDIT PharmaEasy/views/default/index.html: 0
[2018-07-27 20:42:43] EDIT PharmaEasy/views/default/index.html: 0
[2018-07-27 20:43:33] EDIT PharmaEasy/views/default/index.html: 0
[2018-07-27 22:55:05] EDIT PharmaEasy/views/default/index.html: 0
[2018-07-27 22:55:20] EDIT PharmaEasy/views/default/index.html: 0
[2018-07-27 22:55:48] EDIT PharmaEasy/views/default/index.html: 0
[2018-07-27 22:56:41] EDIT PharmaEasy/views/default/index.html: 3
[2018-07-27 22:58:32] EDIT PharmaEasy/views/default/index.html: 0
[2018-07-27 22:58:53] EDIT PharmaEasy/views/default/index.html: 0
[2018-07-27 22:59:34] EDIT PharmaEasy/views/default/index.html: 0
[2018-07-27 22:59:58] EDIT PharmaEasy/views/default/index.html: 0
[2018-07-27 23:00:01] EDIT PharmaEasy/views/default/index.html: 0
[2018-07-27 23:01:29] EDIT PharmaEasy/views/default/index.html: 0
[2018-07-27 23:03:35] EDIT PharmaEasy/views/default/index.html: 0
[2018-07-27 23:03:45] EDIT PharmaEasy/views/default/index.html: 0
[2018-07-27 23:03:46] EDIT PharmaEasy/views/default/index.html: 0
[2018-07-27 23:07:51] CREATE doctor.html: 0
[2018-07-27 23:09:04] EDIT PharmaEasy/views/doctor.html: 3
[2018-07-27 23:10:01] EDIT PharmaEasy/views/default/index.html: 0
[2018-07-27 23:10:57] EDIT PharmaEasy/controllers/default.py: 3
[2018-07-27 23:12:15] EDIT PharmaEasy/controllers/default.py: 0
[2018-07-27 23:12:57] EDIT PharmaEasy/controllers/default.py: 0
[2018-07-27 23:19:55] EDIT PharmaEasy/controllers/default.py: 3
[2018-07-27 23:20:08] CREATE patient.html: 0
[2018-07-27 23:20:44] EDIT PharmaEasy/views/default/index.html: 0
[2018-07-27 23:20:58] EDIT PharmaEasy/views/default/index.html: 0
[2018-07-27 23:20:59] EDIT PharmaEasy/views/default/index.html: 0
[2018-07-27 23:21:00] EDIT PharmaEasy/views/default/index.html: 0
[2018-07-27 23:21:14] EDIT PharmaEasy/controllers/default.py: 0
[2018-07-27 23:21:47] EDIT PharmaEasy/views/default/index.html: 0
[2018-07-27 23:21:49] EDIT PharmaEasy/views/default/index.html: 0
[2018-07-27 23:23:22] EDIT PharmaEasy/views/default/index.html: 0
[2018-07-27 23:23:32] EDIT PharmaEasy/views/default/index.html: 0
[2018-07-27 23:24:53] EDIT PharmaEasy/views/doctor.html: 0
[2018-07-27 23:26:30] EDIT PharmaEasy/views/doctor.html: 0
[2018-07-27 23:30:16] EDIT PharmaEasy/views/layout.html: 0
[2018-07-27 23:31:23] EDIT PharmaEasy/views/layout.html: 0
[2018-07-27 23:36:26] EDIT PharmaEasy/views/layout.html: 0
[2018-07-27 23:36:53] EDIT PharmaEasy/views/layout.html: 0
[2018-07-27 23:40:06] EDIT PharmaEasy/views/layout.html: 0
[2018-07-28 08:16:01] EDIT PharmaEasy/models/db.py: 0
[2018-07-28 08:17:04] EDIT PharmaEasy/models/db.py: 0
[2018-07-28 08:17:13] EDIT PharmaEasy/models/db.py: 0
[2018-07-28 08:17:13] EDIT PharmaEasy/models/db.py: 0
[2018-07-28 08:17:51] EDIT PharmaEasy/models/db.py: 0
[2018-07-28 08:18:07] EDIT PharmaEasy/models/db.py: 0
[2018-07-28 08:57:11] EDIT PharmaEasy/controllers/default.py: 0
[2018-07-28 08:57:24] EDIT PharmaEasy/controllers/default.py: 0
[2018-07-28 09:04:56] EDIT PharmaEasy/views/default/user.html: 0
[2018-07-28 09:07:35] EDIT PharmaEasy/views/default/user.html: -1
[2018-07-28 09:07:55] EDIT PharmaEasy/views/default/user.html: 1
[2018-07-28 09:12:55] EDIT PharmaEasy/models/userdatabase.py: 8
[2018-07-28 09:12:56] EDIT PharmaEasy/models/userdatabase.py: 0
[2018-07-28 09:13:59] EDIT PharmaEasy/models/userdatabase.py: -8
[2018-07-28 09:13:59] EDIT PharmaEasy/models/userdatabase.py: 0
[2018-07-28 09:52:05] EDIT PharmaEasy/models/userdatabase.py: 0
[2018-07-28 09:52:27] EDIT PharmaEasy/models/userdatabase.py: 1
[2018-07-28 09:52:56] EDIT PharmaEasy/models/userdatabase.py: 0
[2018-07-28 09:53:35] EDIT PharmaEasy/models/userdatabase.py: 0
[2018-07-28 09:53:36] EDIT PharmaEasy/models/userdatabase.py: 0
[2018-07-28 09:54:21] EDIT PharmaEasy/models/userdatabase.py: -1
[2018-07-28 09:54:22] EDIT PharmaEasy/models/userdatabase.py: 0
[2018-07-28 09:55:20] EDIT PharmaEasy/models/userdatabase.py: 0
[2018-07-28 09:55:31] EDIT PharmaEasy/models/userdatabase.py: 0
[2018-07-28 09:55:32] EDIT PharmaEasy/models/userdatabase.py: 0
[2018-07-28 09:56:13] EDIT PharmaEasy/models/userdatabase.py: 1
[2018-07-28 09:56:14] EDIT PharmaEasy/models/userdatabase.py: 0
[2018-07-28 09:56:31] EDIT PharmaEasy/models/userdatabase.py: 0
[2018-07-28 09:56:33] EDIT PharmaEasy/models/userdatabase.py: 0
[2018-07-28 09:56:33] EDIT PharmaEasy/models/userdatabase.py: 0
[2018-07-28 09:56:33] EDIT PharmaEasy/models/userdatabase.py: 0
[2018-07-28 09:56:33] EDIT PharmaEasy/models/userdatabase.py: 0
[2018-07-28 09:56:34] EDIT PharmaEasy/models/userdatabase.py: 0
[2018-07-28 09:56:34] EDIT PharmaEasy/models/userdatabase.py: 0
[2018-07-28 09:56:34] EDIT PharmaEasy/models/userdatabase.py: 0
[2018-07-28 09:56:59] EDIT PharmaEasy/models/userdatabase.py: 0
[2018-07-28 09:57:00] EDIT PharmaEasy/models/userdatabase.py: 0
[2018-07-28 10:05:19] EDIT PharmaEasy/controllers/default.py: 8
[2018-07-28 10:06:56] EDIT PharmaEasy/controllers/default.py: 0
[2018-07-28 10:09:14] EDIT PharmaEasy/controllers/default.py: 1
[2018-07-28 10:09:54] EDIT PharmaEasy/controllers/default.py: 0
[2018-07-28 10:10:19] EDIT PharmaEasy/controllers/default.py: -1
[2018-07-28 10:10:40] EDIT PharmaEasy/controllers/default.py: 1
[2018-07-28 10:11:21] EDIT PharmaEasy/controllers/default.py: 0
[2018-07-28 10:13:57] EDIT PharmaEasy/controllers/default.py: 4
[2018-07-28 10:14:39] CREATE pharmacist.html: 0
[2018-07-28 10:14:59] EDIT PharmaEasy/models/userdatabase.py: 0
[2018-07-28 10:15:00] EDIT PharmaEasy/models/userdatabase.py: 0
[2018-07-28 10:55:32] EDIT PharmaEasy/controllers/default.py: 1
[2018-07-28 10:57:30] EDIT PharmaEasy/controllers/default.py: 0
[2018-07-28 11:00:19] EDIT PharmaEasy/controllers/default.py: 0
[2018-07-28 13:10:55] EDIT PharmaEasy/controllers/default.py: 0
[2018-07-28 13:16:02] EDIT PharmaEasy/views/default/index.html: 0
[2018-07-28 13:16:33] EDIT PharmaEasy/views/default/index.html: 0
[2018-07-28 13:18:06] EDIT PharmaEasy/views/default/index.html: 0
[2018-07-28 13:19:47] EDIT PharmaEasy/views/layout.html: 0
[2018-07-28 13:20:18] EDIT PharmaEasy/views/layout.html: 0
[2018-07-28 13:21:34] EDIT PharmaEasy/views/layout.html: 0
[2018-07-28 13:21:46] EDIT PharmaEasy/views/layout.html: 0
[2018-07-28 13:22:54] EDIT PharmaEasy/views/layout.html: 0
[2018-07-28 13:23:53] EDIT PharmaEasy/views/layout.html: 0
[2018-07-28 13:26:11] EDIT PharmaEasy/views/layout.html: 0
[2018-07-28 13:27:23] EDIT PharmaEasy/views/layout.html: 0
[2018-07-28 13:27:32] EDIT PharmaEasy/views/layout.html: 0
[2018-07-28 13:27:33] EDIT PharmaEasy/views/layout.html: 0
[2018-07-28 13:27:34] EDIT PharmaEasy/views/layout.html: 0
[2018-07-28 13:27:34] EDIT PharmaEasy/views/layout.html: 0
[2018-07-28 13:27:35] EDIT PharmaEasy/views/layout.html: 0
[2018-07-28 13:27:36] EDIT PharmaEasy/views/layout.html: 0
[2018-07-28 13:28:47] EDIT PharmaEasy/views/default/index.html: 0
[2018-07-28 13:28:48] EDIT PharmaEasy/views/default/index.html: 0
[2018-07-28 13:30:32] EDIT PharmaEasy/views/patient.html: 0
[2018-07-28 13:31:07] EDIT PharmaEasy/views/patient.html: 0
[2018-07-28 13:31:21] EDIT PharmaEasy/views/patient.html: 0
[2018-07-28 13:33:10] EDIT PharmaEasy/views/layout.html: 0
[2018-07-28 13:33:59] EDIT PharmaEasy/views/layout.html: 0
[2018-07-28 13:34:18] EDIT PharmaEasy/views/layout.html: 0
[2018-07-28 13:37:49] EDIT PharmaEasy/views/layout.html: 0
[2018-07-28 13:46:07] EDIT PharmaEasy/views/layout.html: 0
[2018-07-28 13:47:12] EDIT PharmaEasy/views/layout.html: 0
[2018-07-28 13:47:22] EDIT PharmaEasy/views/layout.html: 0
[2018-07-28 13:47:23] EDIT PharmaEasy/views/layout.html: 0
[2018-07-28 13:47:24] EDIT PharmaEasy/views/layout.html: 0
[2018-07-28 13:51:36] EDIT PharmaEasy/views/layout.html: 0
[2018-07-28 13:51:37] EDIT PharmaEasy/views/layout.html: 0
[2018-07-28 13:51:58] EDIT PharmaEasy/views/layout.html: 0
[2018-07-28 13:51:59] EDIT PharmaEasy/views/layout.html: 0
[2018-07-28 13:52:29] EDIT PharmaEasy/views/layout.html: 0
[2018-07-28 13:52:29] EDIT PharmaEasy/views/layout.html: 0
[2018-07-28 13:55:26] EDIT PharmaEasy/views/layout.html: 0
[2018-07-28 13:55:36] EDIT PharmaEasy/views/layout.html: 0
[2018-07-28 13:55:45] EDIT PharmaEasy/views/layout.html: 0
[2018-07-28 13:55:46] EDIT PharmaEasy/views/layout.html: 0
[2018-07-28 13:56:41] EDIT PharmaEasy/views/layout.html: 0
[2018-07-28 13:56:42] EDIT PharmaEasy/views/layout.html: 0
[2018-07-28 14:37:02] EDIT PharmaEasy/controllers/default.py: 1
[2018-07-28 14:37:19] EDIT PharmaEasy/controllers/default.py: 0
[2018-07-28 14:47:36] EDIT PharmaEasy/models/userdatabase.py: 6
[2018-07-28 14:52:48] EDIT PharmaEasy/models/userdatabase.py: 0
[2018-07-28 14:52:48] EDIT PharmaEasy/models/userdatabase.py: 0
[2018-07-28 14:52:48] EDIT PharmaEasy/models/userdatabase.py: 0
[2018-07-28 14:53:49] EDIT PharmaEasy/models/userdatabase.py: 0
[2018-07-28 14:54:21] EDIT PharmaEasy/models/userdatabase.py: 0
[2018-07-28 14:54:54] EDIT PharmaEasy/models/userdatabase.py: 0
[2018-07-28 14:55:20] EDIT PharmaEasy/models/userdatabase.py: 0
[2018-07-28 14:55:50] EDIT PharmaEasy/models/userdatabase.py: 0
[2018-07-28 15:07:34] EDIT PharmaEasy/controllers/default.py: 1
[2018-07-28 15:07:46] EDIT PharmaEasy/controllers/default.py: -1
[2018-07-28 15:07:47] EDIT PharmaEasy/controllers/default.py: 0
[2018-07-28 15:08:54] CREATE patient/patientform.html: 0
[2018-07-28 15:09:41] CREATE patient/patientnotification.html: 0
[2018-07-28 15:12:15] EDIT PharmaEasy/controllers/default.py: 3
[2018-07-28 15:12:40] EDIT PharmaEasy/controllers/default.py: 0
[2018-07-28 15:13:58] EDIT PharmaEasy/controllers/default.py: -3
[2018-07-28 15:15:27] EDIT PharmaEasy/controllers/default.py: 3
[2018-07-28 15:18:14] EDIT PharmaEasy/views/patient.html: 0
[2018-07-28 15:20:53] EDIT PharmaEasy/controllers/default.py: 0
[2018-07-28 15:21:38] EDIT PharmaEasy/controllers/default.py: 0
[2018-07-28 15:31:45] EDIT PharmaEasy/controllers/default.py: 0
[2018-07-28 15:32:37] EDIT PharmaEasy/controllers/default.py: -1
[2018-07-28 15:53:02] EDIT PharmaEasy/controllers/default.py: 4
[2018-07-28 15:53:17] EDIT PharmaEasy/controllers/default.py: -1
[2018-07-28 15:54:16] EDIT PharmaEasy/controllers/default.py: -2
[2018-07-28 15:56:12] EDIT PharmaEasy/controllers/default.py: -2
[2018-07-28 16:02:45] EDIT PharmaEasy/controllers/default.py: 2
[2018-07-28 16:19:12] EDIT PharmaEasy/controllers/default.py: 0
[2018-07-28 16:19:17] EDIT PharmaEasy/controllers/default.py: 0
[2018-07-28 16:19:52] EDIT PharmaEasy/controllers/default.py: 0
[2018-07-28 16:19:58] EDIT PharmaEasy/controllers/default.py: 0
[2018-07-28 16:20:10] EDIT PharmaEasy/controllers/default.py: 0
[2018-07-28 16:22:35] EDIT PharmaEasy/controllers/default.py: 0
[2018-07-28 16:33:41] EDIT PharmaEasy/controllers/default.py: 4
[2018-07-28 16:34:25] EDIT PharmaEasy/controllers/default.py: 0
[2018-07-28 16:34:44] EDIT PharmaEasy/controllers/default.py: 0
[2018-07-28 16:35:41] EDIT PharmaEasy/controllers/default.py: 0
[2018-07-28 16:35:44] EDIT PharmaEasy/controllers/default.py: 0
[2018-07-28 20:03:12] EDIT PharmaEasy/controllers/default.py: 6
[2018-07-28 20:03:56] EDIT PharmaEasy/controllers/default.py: 0
[2018-07-28 20:04:32] EDIT PharmaEasy/controllers/default.py: 0
[2018-07-28 20:09:16] EDIT PharmaEasy/controllers/default.py: 0
[2018-07-28 20:10:00] EDIT PharmaEasy/controllers/default.py: -6
[2018-07-28 20:12:16] EDIT PharmaEasy/controllers/default.py: 5
[2018-07-28 20:12:39] EDIT PharmaEasy/controllers/default.py: 0
[2018-07-28 20:12:41] EDIT PharmaEasy/controllers/default.py: 0
[2018-07-28 20:13:09] EDIT PharmaEasy/controllers/default.py: 0
[2018-07-28 20:13:17] EDIT PharmaEasy/controllers/default.py: 0
[2018-07-28 20:13:18] EDIT PharmaEasy/controllers/default.py: 0
[2018-07-28 20:14:06] EDIT PharmaEasy/controllers/default.py: 1
[2018-07-28 20:14:43] EDIT PharmaEasy/controllers/default.py: 0
[2018-07-28 20:15:07] EDIT PharmaEasy/controllers/default.py: 0
[2018-07-28 20:15:08] EDIT PharmaEasy/controllers/default.py: 0
[2018-07-28 20:16:32] EDIT PharmaEasy/controllers/default.py: 2
[2018-07-28 20:16:34] EDIT PharmaEasy/controllers/default.py: 0
[2018-07-28 20:17:44] EDIT PharmaEasy/controllers/default.py: 0
[2018-07-28 20:18:06] EDIT PharmaEasy/controllers/default.py: 0
[2018-07-28 20:18:52] EDIT PharmaEasy/controllers/default.py: -1
[2018-07-28 20:19:03] EDIT PharmaEasy/controllers/default.py: 1
[2018-07-28 20:20:05] EDIT PharmaEasy/controllers/default.py: -2
[2018-07-28 20:20:33] EDIT PharmaEasy/controllers/default.py: -6
[2018-07-28 20:23:08] EDIT PharmaEasy/models/userdatabase.py: 0
[2018-07-28 20:23:10] EDIT PharmaEasy/models/userdatabase.py: 0
[2018-07-28 20:23:41] EDIT PharmaEasy/models/userdatabase.py: 0
[2018-07-28 20:24:54] EDIT PharmaEasy/models/userdatabase.py: -1
[2018-07-28 20:25:05] EDIT PharmaEasy/models/userdatabase.py: 1
[2018-07-28 20:25:06] EDIT PharmaEasy/models/userdatabase.py: 0
[2018-07-28 20:26:20] EDIT PharmaEasy/models/userdatabase.py: 0
[2018-07-28 20:26:21] EDIT PharmaEasy/models/userdatabase.py: 0
[2018-07-28 20:27:17] EDIT PharmaEasy/models/userdatabase.py: 2
[2018-07-28 20:29:09] EDIT PharmaEasy/models/userdatabase.py: 1
[2018-07-28 20:29:40] EDIT PharmaEasy/models/userdatabase.py: 0
[2018-07-28 20:29:41] EDIT PharmaEasy/models/userdatabase.py: 0
[2018-07-28 20:31:25] EDIT PharmaEasy/controllers/default.py: 0
[2018-07-28 20:31:54] EDIT PharmaEasy/controllers/default.py: 0
[2018-07-28 20:32:16] EDIT PharmaEasy/controllers/default.py: 0
[2018-07-28 20:32:41] EDIT PharmaEasy/controllers/default.py: 0
[2018-07-28 20:34:27] EDIT PharmaEasy/models/userdatabase.py: 0
[2018-07-28 20:35:17] EDIT PharmaEasy/models/userdatabase.py: 0
[2018-07-28 20:36:38] EDIT PharmaEasy/models/userdatabase.py: 0
[2018-07-28 20:45:42] EDIT PharmaEasy/views/patient.html: 21
[2018-07-28 20:45:43] EDIT PharmaEasy/views/patient.html: 0
[2018-07-28 20:46:07] EDIT PharmaEasy/views/patient.html: -4
[2018-07-28 20:47:00] EDIT PharmaEasy/controllers/default.py: 0
[2018-07-28 20:47:11] EDIT PharmaEasy/controllers/default.py: 1
[2018-07-28 20:48:22] EDIT PharmaEasy/controllers/default.py: 1
[2018-07-28 21:01:11] EDIT PharmaEasy/views/patient.html: 1
[2018-07-28 21:03:23] DELETE PharmaEasy/views/patient/patientnotification.html: -3
[2018-07-28 21:03:28] DELETE PharmaEasy/views/patient/patientform.html: -3
[2018-07-28 21:03:50] CREATE default/patient.html: 0
[2018-07-28 21:04:17] EDIT PharmaEasy/views/default/patient.html: 18
[2018-07-28 21:04:49] DELETE PharmaEasy/views/default/patient.html: -21
[2018-07-28 21:05:11] CREATE default/patient.html: 0
[2018-07-28 21:05:20] EDIT PharmaEasy/views/default/patient.html: 18
[2018-07-28 21:06:48] EDIT PharmaEasy/views/default/patient.html: -17
[2018-07-28 21:07:23] DELETE PharmaEasy/views/default/patient.html.1: -4
[2018-07-28 21:07:49] EDIT PharmaEasy/views/default/patient.html: -3
[2018-07-28 21:08:15] EDIT PharmaEasy/views/default/patient.html: 41
[2018-07-28 21:08:31] EDIT PharmaEasy/views/default/patient.html: -1
[2018-07-28 21:08:57] EDIT PharmaEasy/views/default/patient.html: -21
[2018-07-28 21:08:57] EDIT PharmaEasy/views/default/patient.html: 0
[2018-07-28 21:09:24] DELETE PharmaEasy/views/default/patient.html: -20
[2018-07-28 21:10:48] DELETE PharmaEasy/views/patient.html: -21
[2018-07-28 21:11:10] CREATE _default/patient.html: 0
[2018-07-28 21:11:37] EDIT PharmaEasy/views/default/patient.html.1: -1
[2018-07-28 21:11:38] EDIT PharmaEasy/views/default/patient.html.1: 0
[2018-07-28 21:12:04] DELETE PharmaEasy/views/default/patient.html.1: -41
[2018-07-28 21:12:37] EDIT PharmaEasy/views/_default/patient.html: 17
[2018-07-28 21:13:10] DELETE PharmaEasy/views/_default/patient.html: -20
[2018-07-28 21:13:28] CREATE default/patient.html: 0
[2018-07-28 21:13:42] EDIT PharmaEasy/views/default/patient.html: 17
[2018-07-28 21:14:40] EDIT PharmaEasy/views/default/patient.html: -3
[2018-07-28 21:14:40] EDIT PharmaEasy/views/default/patient.html: 0
[2018-07-28 21:15:18] EDIT PharmaEasy/views/default/patient.html: 0
[2018-07-28 21:15:47] EDIT PharmaEasy/views/default/patient.html: -2
[2018-07-28 21:16:53] EDIT PharmaEasy/controllers/default.py: 0
[2018-07-28 21:17:24] EDIT PharmaEasy/controllers/default.py: -2
[2018-07-28 21:17:49] EDIT PharmaEasy/views/default/patient.html: -1
[2018-07-28 21:19:50] EDIT PharmaEasy/views/default/patient.html: 4
[2018-07-28 21:20:02] EDIT PharmaEasy/views/default/patient.html: -3
[2018-07-28 21:20:03] EDIT PharmaEasy/views/default/patient.html: 0
[2018-07-28 21:20:40] EDIT PharmaEasy/views/default/patient.html: 0
[2018-07-28 21:21:41] EDIT PharmaEasy/views/default/patient.html: 0
[2018-07-28 21:21:48] EDIT PharmaEasy/views/default/patient.html: -1
[2018-07-28 21:23:43] EDIT PharmaEasy/views/default/patient.html: 0
[2018-07-28 21:23:57] EDIT PharmaEasy/views/default/patient.html: 0
[2018-07-28 21:24:26] EDIT PharmaEasy/views/default/patient.html: 0
[2018-07-28 21:25:00] EDIT PharmaEasy/views/default/patient.html: 0
[2018-07-28 21:25:21] EDIT PharmaEasy/views/default/patient.html: 0
[2018-07-28 21:26:11] EDIT PharmaEasy/views/default/patient.html: 0
[2018-07-28 21:26:31] EDIT PharmaEasy/views/default/patient.html: 0
[2018-07-28 21:26:45] EDIT PharmaEasy/views/default/patient.html: 0
[2018-07-28 21:28:36] EDIT PharmaEasy/views/default/patient.html: 0
[2018-07-28 21:28:57] EDIT PharmaEasy/views/default/patient.html: 0
[2018-07-28 21:28:59] EDIT PharmaEasy/views/default/patient.html: 0
[2018-07-28 21:29:18] EDIT PharmaEasy/views/default/patient.html: -1
[2018-07-28 21:30:48] EDIT PharmaEasy/views/default/patient.html: 0
[2018-07-28 21:33:31] EDIT PharmaEasy/controllers/default.py: 6
[2018-07-28 21:34:27] EDIT PharmaEasy/controllers/default.py: -1
[2018-07-28 21:35:16] EDIT PharmaEasy/controllers/default.py: 0
[2018-07-28 21:35:58] CREATE patientform.html: 0
[2018-07-28 21:36:24] CREATE patient_doctornotify.html: 0
[2018-07-28 21:36:52] CREATE patient_pharmanotify.html: 0
[2018-07-28 21:37:48] EDIT PharmaEasy/views/default/patient.html: 0
[2018-07-28 21:45:10] EDIT PharmaEasy/controllers/default.py: 1
[2018-07-28 21:45:18] EDIT PharmaEasy/controllers/default.py: 0
[2018-07-28 21:45:43] EDIT PharmaEasy/controllers/default.py: 0
[2018-07-28 21:46:10] EDIT PharmaEasy/controllers/default.py: 0
[2018-07-28 21:52:36] EDIT PharmaEasy/controllers/default.py: 0
[2018-07-28 21:53:08] EDIT PharmaEasy/controllers/default.py: 0
[2018-07-28 21:54:18] EDIT PharmaEasy/controllers/default.py: -1
[2018-07-28 22:21:15] EDIT PharmaEasy/controllers/default.py: 1
[2018-07-28 22:23:02] EDIT PharmaEasy/controllers/default.py: 0
[2018-07-28 22:24:20] EDIT PharmaEasy/controllers/default.py: 0
[2018-07-28 22:24:37] EDIT PharmaEasy/controllers/default.py: 0
[2018-07-28 22:25:24] EDIT PharmaEasy/controllers/default.py: 0
[2018-07-28 22:25:44] EDIT PharmaEasy/controllers/default.py: 0
[2018-07-28 22:26:07] EDIT PharmaEasy/controllers/default.py: 0
[2018-07-28 22:26:26] EDIT PharmaEasy/controllers/default.py: 0
[2018-07-28 22:26:40] EDIT PharmaEasy/controllers/default.py: 0
[2018-07-28 22:31:37] EDIT PharmaEasy/controllers/default.py: 0
[2018-07-28 22:35:20] EDIT PharmaEasy/controllers/default.py: 1
[2018-07-28 22:36:21] EDIT PharmaEasy/controllers/default.py: 0
[2018-07-28 22:45:49] EDIT PharmaEasy/controllers/default.py: 1
[2018-07-28 22:46:03] EDIT PharmaEasy/controllers/default.py: 0
[2018-07-28 22:52:34] EDIT PharmaEasy/controllers/default.py: 0
[2018-07-28 22:53:11] EDIT PharmaEasy/controllers/default.py: 0
[2018-07-28 22:56:55] EDIT PharmaEasy/controllers/default.py: 1
[2018-07-28 22:58:14] EDIT PharmaEasy/controllers/default.py: 0
[2018-07-28 23:05:25] EDIT PharmaEasy/controllers/default.py: 0
[2018-07-28 23:05:26] EDIT PharmaEasy/controllers/default.py: 0
[2018-07-28 23:06:01] EDIT PharmaEasy/controllers/default.py: 0
[2018-07-28 23:08:20] EDIT PharmaEasy/controllers/default.py: 0
[2018-07-28 23:08:37] EDIT PharmaEasy/controllers/default.py: 0
[2018-07-28 23:09:32] EDIT PharmaEasy/controllers/default.py: 0
[2018-07-28 23:10:07] EDIT PharmaEasy/controllers/default.py: 0
[2018-07-28 23:13:07] EDIT PharmaEasy/controllers/default.py: 0
[2018-07-28 23:22:25] EDIT PharmaEasy/controllers/default.py: 1
[2018-07-28 23:22:56] EDIT PharmaEasy/controllers/default.py: 0
[2018-07-28 23:23:09] EDIT PharmaEasy/controllers/default.py: 0
[2018-07-28 23:33:32] EDIT PharmaEasy/controllers/default.py: 0
[2018-07-28 23:38:59] EDIT PharmaEasy/controllers/default.py: 3
[2018-07-28 23:39:29] EDIT PharmaEasy/controllers/default.py: 0
[2018-07-28 23:40:28] EDIT PharmaEasy/controllers/default.py: -4
[2018-07-28 23:40:30] EDIT PharmaEasy/controllers/default.py: 0
[2018-07-29 09:17:45] CREATE default/doctor.html: 0
[2018-07-29 09:18:15] EDIT PharmaEasy/views/default/doctor.html: 10
[2018-07-29 09:20:11] CREATE doctor_checked.html: 0
[2018-07-29 09:20:44] CREATE doctor_premitpatient.html: 0
[2018-07-29 09:20:59] DELETE PharmaEasy/views/doctor_checked.html: -3
[2018-07-29 09:21:25] CREATE doctor_unpermitpatient.html: 0
[2018-07-29 09:22:01] DELETE PharmaEasy/views/doctor.html: -6
[2018-07-29 09:23:11] EDIT PharmaEasy/views/default/doctor.html: -1
[2018-07-29 09:23:33] EDIT PharmaEasy/views/default/doctor.html: 0
[2018-07-29 09:24:17] EDIT PharmaEasy/views/default/doctor.html: 0
[2018-07-29 09:24:17] EDIT PharmaEasy/views/default/doctor.html: 0
[2018-07-29 09:26:51] EDIT PharmaEasy/controllers/default.py: 3
[2018-07-29 09:27:01] EDIT PharmaEasy/controllers/default.py: 0
[2018-07-29 09:29:16] EDIT PharmaEasy/controllers/default.py: 3
[2018-07-29 09:29:17] EDIT PharmaEasy/controllers/default.py: 0
[2018-07-29 09:32:13] EDIT PharmaEasy/controllers/default.py: 0
[2018-07-29 09:32:14] EDIT PharmaEasy/controllers/default.py: 0
[2018-07-29 09:33:32] EDIT PharmaEasy/controllers/default.py: 0
[2018-07-29 09:33:51] EDIT PharmaEasy/controllers/default.py: 0
[2018-07-29 09:34:26] EDIT PharmaEasy/controllers/default.py: 0
[2018-07-29 09:37:02] EDIT PharmaEasy/controllers/default.py: 0
[2018-07-29 09:39:44] EDIT PharmaEasy/controllers/default.py: 0
[2018-07-29 09:43:00] EDIT PharmaEasy/models/userdatabase.py: 9
[2018-07-29 09:44:23] EDIT PharmaEasy/models/userdatabase.py: -1
[2018-07-29 09:44:24] EDIT PharmaEasy/models/userdatabase.py: 0
[2018-07-29 09:45:37] CREATE deafult/pharmacist.html: 0
[2018-07-29 09:46:31] CREATE pharma_permitpatient.html: 0
[2018-07-29 09:46:59] CREATE pharma_unpermitpatient.html: 0
[2018-07-29 09:48:02] EDIT PharmaEasy/models/userdatabase.py: 0
[2018-07-29 09:48:03] EDIT PharmaEasy/models/userdatabase.py: 0
[2018-07-29 09:50:30] EDIT PharmaEasy/views/deafult/pharmacist.html: 9
[2018-07-29 09:50:45] EDIT PharmaEasy/views/deafult/pharmacist.html: 0
[2018-07-29 09:51:02] EDIT PharmaEasy/views/deafult/pharmacist.html: 0
[2018-07-29 09:52:33] EDIT PharmaEasy/views/deafult/pharmacist.html: 13
[2018-07-29 09:54:29] EDIT PharmaEasy/views/deafult/pharmacist.html: -13
[2018-07-29 09:54:56] DELETE PharmaEasy/views/pharmacist.html: -3
[2018-07-29 09:55:48] EDIT PharmaEasy/models/userdatabase.py: 0
[2018-07-29 09:56:50] EDIT PharmaEasy/controllers/default.py: 0
[2018-07-29 09:56:59] EDIT PharmaEasy/views/deafult/pharmacist.html: 0
[2018-07-29 09:58:19] EDIT PharmaEasy/controllers/default.py: 1
[2018-07-29 09:59:12] DELETE PharmaEasy/views/deafult/pharmacist.html: -12
[2018-07-29 09:59:51] EDIT PharmaEasy/controllers/default.py: 0
[2018-07-29 10:00:20] CREATE default/pharmacist.html: 0
[2018-07-29 10:00:45] EDIT PharmaEasy/views/default/pharmacist.html: 10
[2018-07-29 10:01:18] EDIT PharmaEasy/views/default/pharmacist.html: 0
[2018-07-29 10:02:24] EDIT PharmaEasy/views/default/pharmacist.html: -1
[2018-07-29 10:02:56] EDIT PharmaEasy/views/default/pharmacist.html: 0
[2018-07-29 10:03:38] EDIT PharmaEasy/views/default/pharmacist.html: 0
[2018-07-29 10:03:41] EDIT PharmaEasy/views/default/pharmacist.html: 0
[2018-07-29 10:10:55] EDIT PharmaEasy/controllers/default.py: 8
[2018-07-29 10:10:55] EDIT PharmaEasy/controllers/default.py: 0
[2018-07-29 10:11:20] EDIT PharmaEasy/controllers/default.py: 0
[2018-07-29 10:11:21] EDIT PharmaEasy/controllers/default.py: 0
[2018-07-29 10:11:22] EDIT PharmaEasy/controllers/default.py: 0
[2018-07-29 10:11:22] EDIT PharmaEasy/controllers/default.py: 0
[2018-07-29 10:11:34] DELETE PharmaEasy/views/pharma_permitpatient.html: -3
[2018-07-29 10:11:41] DELETE PharmaEasy/views/pharma_unpermitpatient.html: -3
[2018-07-29 10:12:02] CREATE pharma_permitpatient.html: 0
[2018-07-29 10:12:36] CREATE pharma_unpermitpatient.html: 0
[2018-07-29 10:13:13] EDIT PharmaEasy/views/default/pharmacist.html: 0
[2018-07-29 10:13:13] EDIT PharmaEasy/views/default/pharmacist.html: 0
[2018-07-29 11:37:47] EDIT PharmaEasy/views/default/patient.html: 14
[2018-07-29 11:41:48] EDIT PharmaEasy/models/userdatabase.py: 0
[2018-07-29 11:41:49] EDIT PharmaEasy/models/userdatabase.py: 0
[2018-07-29 13:25:24] UPLOAD C:/Users/Vivek Gupta/Desktop/web2py/applications/PharmaEasy/static/b1.png: 162
[2018-07-29 13:26:40] UPLOAD C:/Users/Vivek Gupta/Desktop/web2py/applications/PharmaEasy/static/images/b1.png: 162
[2018-07-29 13:28:13] EDIT PharmaEasy/views/default/patient.html: 0
[2018-07-29 13:28:34] EDIT PharmaEasy/views/default/patient.html: 0
[2018-07-29 13:28:43] EDIT PharmaEasy/views/default/patient.html: 0
[2018-07-29 13:28:43] EDIT PharmaEasy/views/default/patient.html: 0
[2018-07-29 13:30:00] UPLOAD C:/Users/Vivek Gupta/Desktop/web2py/applications/PharmaEasy/static/images/b2.jpg: 212
[2018-07-29 13:30:22] EDIT PharmaEasy/views/default/patient.html: 0
[2018-07-29 13:32:19] EDIT PharmaEasy/views/default/patient.html: 0
[2018-07-29 13:38:34] EDIT PharmaEasy/views/default/patient.html: 30
[2018-07-29 13:38:35] EDIT PharmaEasy/views/default/patient.html: 0
[2018-07-29 13:39:15] EDIT PharmaEasy/views/default/patient.html: 0
[2018-07-29 13:40:59] EDIT PharmaEasy/views/default/patient.html: 3
[2018-07-29 13:41:29] EDIT PharmaEasy/views/default/patient.html: 0
[2018-07-29 13:42:11] EDIT PharmaEasy/views/default/patient.html: 0
[2018-07-29 13:43:15] EDIT PharmaEasy/views/default/patient.html: 0
[2018-07-29 13:44:33] EDIT PharmaEasy/views/default/patient.html: 2
[2018-07-29 13:46:12] EDIT PharmaEasy/views/default/patient.html: -14
[2018-07-29 13:48:07] EDIT PharmaEasy/views/default/pharmacist.html: 34
[2018-07-29 13:48:43] EDIT PharmaEasy/views/default/pharmacist.html: 1
[2018-07-29 13:49:21] EDIT PharmaEasy/views/default/doctor.html: 35
[2018-07-29 13:52:51] UPLOAD C:/Users/Vivek Gupta/Desktop/web2py/applications/PharmaEasy/static/images/d1.jpg: 243
[2018-07-29 13:53:23] UPLOAD C:/Users/Vivek Gupta/Desktop/web2py/applications/PharmaEasy/static/images/d2.jpg: 192
[2018-07-29 14:04:46] UPLOAD C:/Users/Vivek Gupta/Desktop/web2py/applications/PharmaEasy/static/images/d3.jpg: 405
[2018-07-29 14:05:22] UPLOAD C:/Users/Vivek Gupta/Desktop/web2py/applications/PharmaEasy/static/images/d4.jpg: 699
[2018-07-29 14:05:51] UPLOAD C:/Users/Vivek Gupta/Desktop/web2py/applications/PharmaEasy/static/images/d5.jpg: 386
[2018-07-29 14:06:21] UPLOAD C:/Users/Vivek Gupta/Desktop/web2py/applications/PharmaEasy/static/images/p1.jpg: 675
[2018-07-29 14:06:50] UPLOAD C:/Users/Vivek Gupta/Desktop/web2py/applications/PharmaEasy/static/images/p2.jpg: 370
[2018-07-29 14:07:11] UPLOAD C:/Users/Vivek Gupta/Desktop/web2py/applications/PharmaEasy/static/images/p3.jpg: 639
[2018-07-29 14:07:38] UPLOAD C:/Users/Vivek Gupta/Desktop/web2py/applications/PharmaEasy/static/images/p4.jpg: 334
[2018-07-29 14:08:43] EDIT PharmaEasy/views/default/doctor.html: 12
[2018-07-29 14:09:21] EDIT PharmaEasy/views/default/doctor.html: 0
[2018-07-29 14:11:10] EDIT PharmaEasy/views/default/pharmacist.html: 12
